<?xml version="1.0" encoding="UTF-8"?>
<!-- Generated by org.testng.reporters.JUnitReportReporter -->
<testsuite hostname="MrigeshSingh" name="Daraz.LoginPageTest" tests="1" failures="0" timestamp="10 Feb 2020 04:40:28 GMT" time="34.854" errors="0">
  <testcase name="validateLogin" time="34.854" classname="Daraz.LoginPageTest"/>
</testsuite> <!-- Daraz.LoginPageTest -->
