<?xml version="1.0" encoding="UTF-8"?>
<!-- Generated by org.testng.reporters.JUnitReportReporter -->
<testsuite hostname="MrigeshSingh" name="Daraz.LandingPageTest" tests="2" failures="0" timestamp="10 Feb 2020 07:32:05 GMT" time="0.223" errors="0">
  <testcase name="validateSearchBarIsDisplayed" time="0.065" classname="Daraz.LandingPageTest"/>
  <testcase name="validateNavigationBarIsDisplayed" time="0.158" classname="Daraz.LandingPageTest"/>
</testsuite> <!-- Daraz.LandingPageTest -->
