<?xml version="1.0" encoding="UTF-8"?>
<!-- Generated by org.testng.reporters.JUnitReportReporter -->
<testsuite hostname="MrigeshSingh" name="Daraz.LandingPageTest" tests="2" failures="0" timestamp="10 Feb 2020 12:49:02 GMT" time="1.475" errors="0">
  <testcase name="validateNavigationBarIsDisplayed" time="0.359" classname="Daraz.LandingPageTest"/>
  <testcase name="validateSearchBarIsDisplayed" time="1.116" classname="Daraz.LandingPageTest"/>
</testsuite> <!-- Daraz.LandingPageTest -->
