<?xml version="1.0" encoding="UTF-8"?>
<!-- Generated by org.testng.reporters.JUnitReportReporter -->
<testsuite hostname="MrigeshSingh" name="Daraz.DeleteCartItemsTest" tests="1" failures="0" timestamp="10 Feb 2020 12:49:03 GMT" time="31.037" errors="0">
  <testcase name="validateDelteCartItems" time="31.037" classname="Daraz.DeleteCartItemsTest"/>
</testsuite> <!-- Daraz.DeleteCartItemsTest -->
