<?xml version="1.0" encoding="UTF-8"?>
<!-- Generated by org.testng.reporters.JUnitReportReporter -->
<testsuite hostname="MrigeshSingh" name="Daraz.LandingPageTest" tests="2" failures="0" timestamp="10 Feb 2020 04:40:28 GMT" time="1.128" errors="0">
  <testcase name="validateNavigationBarIsDisplayed" time="1.017" classname="Daraz.LandingPageTest"/>
  <testcase name="validateSearchBarIsDisplayed" time="0.111" classname="Daraz.LandingPageTest"/>
</testsuite> <!-- Daraz.LandingPageTest -->
