<?xml version="1.0" encoding="UTF-8"?>
<!-- Generated by org.testng.reporters.JUnitReportReporter -->
<testsuite hostname="DESKTOP-4FPH6EQ" failures="0" tests="1" name="Daraz.LoginPageTest" time="34.284" errors="0" timestamp="10 Feb 2020 14:29:52 GMT">
  <testcase classname="Daraz.LoginPageTest" name="validateLogin" time="34.284"/>
</testsuite> <!-- Daraz.LoginPageTest -->
