<?xml version="1.0" encoding="UTF-8"?>
<!-- Generated by org.testng.reporters.JUnitReportReporter -->
<testsuite hostname="MrigeshSingh" name="Daraz.AddToCartTest" tests="1" failures="0" timestamp="10 Feb 2020 12:49:03 GMT" time="69.457" errors="0">
  <testcase name="addToCart" time="69.457" classname="Daraz.AddToCartTest"/>
</testsuite> <!-- Daraz.AddToCartTest -->
