<?xml version="1.0" encoding="UTF-8"?>
<!-- Generated by org.testng.reporters.JUnitReportReporter -->
<testsuite hostname="MrigeshSingh" name="Daraz.DeleteCartItemsTest" tests="1" failures="0" timestamp="10 Feb 2020 09:49:29 GMT" time="45.870" errors="0">
  <testcase name="validateDelteCartItems" time="45.870" classname="Daraz.DeleteCartItemsTest"/>
</testsuite> <!-- Daraz.DeleteCartItemsTest -->
