<?xml version="1.0" encoding="UTF-8"?>
<!-- Generated by org.testng.reporters.JUnitReportReporter -->
<testsuite hostname="DESKTOP-4FPH6EQ" failures="0" tests="1" name="Daraz.LoginPageTest" time="21.501" errors="0" timestamp="10 Feb 2020 15:34:03 GMT">
  <testcase classname="Daraz.LoginPageTest" name="validateLogin" time="21.501"/>
</testsuite> <!-- Daraz.LoginPageTest -->
