<?xml version="1.0" encoding="UTF-8"?>
<!-- Generated by org.testng.reporters.JUnitReportReporter -->
<testsuite hostname="DESKTOP-4FPH6EQ" failures="0" tests="1" name="Daraz.AddToCartTest" time="55.881" errors="0" timestamp="10 Feb 2020 14:29:52 GMT">
  <testcase classname="Daraz.AddToCartTest" name="addToCart" time="55.881"/>
</testsuite> <!-- Daraz.AddToCartTest -->
