<?xml version="1.0" encoding="UTF-8"?>
<!-- Generated by org.testng.reporters.JUnitReportReporter -->
<testsuite hostname="MrigeshSingh" name="Daraz.LandingPageTest" tests="2" failures="0" timestamp="10 Feb 2020 09:49:28 GMT" time="3.907" errors="0">
  <testcase name="validateNavigationBarIsDisplayed" time="3.217" classname="Daraz.LandingPageTest"/>
  <testcase name="validateSearchBarIsDisplayed" time="0.690" classname="Daraz.LandingPageTest"/>
</testsuite> <!-- Daraz.LandingPageTest -->
