<?xml version="1.0" encoding="UTF-8"?>
<!-- Generated by org.testng.reporters.JUnitReportReporter -->
<testsuite hostname="MrigeshSingh" name="Daraz.LandingPageTest" tests="2" failures="0" timestamp="10 Feb 2020 11:50:23 GMT" time="0.513" errors="0">
  <testcase name="validateSearchBarIsDisplayed" time="0.336" classname="Daraz.LandingPageTest"/>
  <testcase name="validateNavigationBarIsDisplayed" time="0.177" classname="Daraz.LandingPageTest"/>
</testsuite> <!-- Daraz.LandingPageTest -->
