<?xml version="1.0" encoding="UTF-8"?>
<!-- Generated by org.testng.reporters.JUnitReportReporter -->
<testsuite hostname="MrigeshSingh" name="Daraz.LoginPageTest" tests="1" failures="0" timestamp="10 Feb 2020 09:49:28 GMT" time="31.043" errors="0">
  <testcase name="validateLogin" time="31.043" classname="Daraz.LoginPageTest"/>
</testsuite> <!-- Daraz.LoginPageTest -->
