<?xml version="1.0" encoding="UTF-8"?>
<!-- Generated by org.testng.reporters.JUnitReportReporter -->
<testsuite hostname="MrigeshSingh" name="Daraz.AddToCartTest" tests="1" failures="0" timestamp="10 Feb 2020 07:32:05 GMT" time="46.663" errors="0">
  <testcase name="addToCart" time="46.663" classname="Daraz.AddToCartTest"/>
</testsuite> <!-- Daraz.AddToCartTest -->
