<?xml version="1.0" encoding="UTF-8"?>
<!-- Generated by org.testng.reporters.JUnitReportReporter -->
<testsuite hostname="DESKTOP-4FPH6EQ" failures="0" tests="2" name="Daraz.LandingPageTest" time="1.246" errors="0" timestamp="10 Feb 2020 15:34:03 GMT">
  <testcase classname="Daraz.LandingPageTest" name="validateNavigationBarIsDisplayed" time="0.529"/>
  <testcase classname="Daraz.LandingPageTest" name="validateSearchBarIsDisplayed" time="0.717"/>
</testsuite> <!-- Daraz.LandingPageTest -->
