<?xml version="1.0" encoding="UTF-8"?>
<!-- Generated by org.testng.reporters.JUnitReportReporter -->
<testsuite hostname="MrigeshSingh" name="Daraz.LoginPageTest" tests="1" failures="0" timestamp="10 Feb 2020 11:50:23 GMT" time="20.583" errors="0">
  <testcase name="validateLogin" time="20.583" classname="Daraz.LoginPageTest"/>
</testsuite> <!-- Daraz.LoginPageTest -->
