<?xml version="1.0" encoding="UTF-8"?>
<!-- Generated by org.testng.reporters.JUnitReportReporter -->
<testsuite hostname="MrigeshSingh" name="Daraz.DeleteCartItemsTest" tests="1" failures="0" timestamp="10 Feb 2020 04:40:28 GMT" time="49.424" errors="0">
  <testcase name="validateDelteCartItems" time="49.424" classname="Daraz.DeleteCartItemsTest"/>
</testsuite> <!-- Daraz.DeleteCartItemsTest -->
